{"name": "test_order_number_appears_in_progress[chrome]", "status": "broken", "statusDetails": {"message": "selenium.common.exceptions.TimeoutException: Message: \nStacktrace:\n0   chromedriver                        0x0000000102de6a80 chromedriver + 4385408\n1   chromedriver                        0x0000000102ddf38c chromedriver + 4354956\n2   chromedriver                        0x00000001029fcb0c chromedriver + 281356\n3   chromedriver                        0x0000000102a3f2f8 chromedriver + 553720\n4   chromedriver                        0x0000000102a77d24 chromedriver + 785700\n5   chromedriver                        0x0000000102a33eec chromedriver + 507628\n6   chromedriver                        0x0000000102a348c4 chromedriver + 510148\n7   chromedriver                        0x0000000102dae43c chromedriver + 4154428\n8   chromedriver                        0x0000000102db2ea0 chromedriver + 4173472\n9   chromedriver                        0x0000000102d93ff8 chromedriver + 4046840\n10  chromedriver                        0x0000000102db378c chromedriver + 4175756\n11  chromedriver                        0x0000000102d86fb8 chromedriver + 3993528\n12  chromedriver                        0x0000000102dd121c chromedriver + 4297244\n13  chromedriver                        0x0000000102dd1398 chromedriver + 4297624\n14  chromedriver                        0x0000000102ddef84 chromedriver + 4353924\n15  libsystem_pthread.dylib             0x000000018afdaf94 _pthread_start + 136\n16  libsystem_pthread.dylib             0x000000018afd5d34 thread_start + 8", "trace": "self = <tests.test_order_feed.TestOrderFeed object at 0x104681dc0>, driver = <selenium.webdriver.chrome.webdriver.WebDriver (session=\"122f5bef225535b706eb59e760a5dd4a\")>\n\n    @allure.step(\"Проверка того, что после оформления заказа его номер появляется в разделе В работе.\")\n    def test_order_number_appears_in_progress(self, driver):\n        order_page = OrderPage(driver)\n        order_page.wait_for_url(urls.URL)\n        account_page = AccountPage(driver)\n        account_page.go_in_to_personal_account()\n        account_page.email_entry()\n        account_page.password_entry()\n        account_page.click_entry_button()\n        main_page = MainPage(driver)\n>       main_page.add_ingredient_in_basket()\n\ntests/test_order_feed.py:102: \n_ _ _ _ _ _ _ _ _ _ _ _ _ _ _ _ _ _ _ _ _ _ _ _ _ _ _ _ _ _ _ _ _ _ _ _ _ _ _ _ _ _ _ _ _ _ _ _ _ _ _ _ _ _ _ _ _ _ _ _ _ _ _ _ _ _ _ _ _ _ _ _ _ _ _ _ _ _ _ _ _ _ _ _ _ _ _ _ _ _ _ _ _ _ _ _ _ _ _ _ _\npages/main_page.py:42: in add_ingredient_in_basket\n    source = self.wait_and_find_element_located(MainPageLocators.BUN_BUTTON)\npages/base_page.py:13: in wait_and_find_element_located\n    WebDriverWait(self.driver, 6).until(expected_conditions.presence_of_element_located(locator))\n_ _ _ _ _ _ _ _ _ _ _ _ _ _ _ _ _ _ _ _ _ _ _ _ _ _ _ _ _ _ _ _ _ _ _ _ _ _ _ _ _ _ _ _ _ _ _ _ _ _ _ _ _ _ _ _ _ _ _ _ _ _ _ _ _ _ _ _ _ _ _ _ _ _ _ _ _ _ _ _ _ _ _ _ _ _ _ _ _ _ _ _ _ _ _ _ _ _ _ _ _\n\nself = <selenium.webdriver.support.wait.WebDriverWait (session=\"122f5bef225535b706eb59e760a5dd4a\")>, method = <function presence_of_element_located.<locals>._predicate at 0x1046fbd80>, message = ''\n\n    def until(self, method: Callable[[D], Union[Literal[False], T]], message: str = \"\") -> T:\n        \"\"\"Calls the method provided with the driver as an argument until the \\\n        return value does not evaluate to ``False``.\n    \n        :param method: callable(WebDriver)\n        :param message: optional message for :exc:`TimeoutException`\n        :returns: the result of the last call to `method`\n        :raises: :exc:`selenium.common.exceptions.TimeoutException` if timeout occurs\n        \"\"\"\n        screen = None\n        stacktrace = None\n    \n        end_time = time.monotonic() + self._timeout\n        while True:\n            try:\n                value = method(self._driver)\n                if value:\n                    return value\n            except self._ignored_exceptions as exc:\n                screen = getattr(exc, \"screen\", None)\n                stacktrace = getattr(exc, \"stacktrace\", None)\n            time.sleep(self._poll)\n            if time.monotonic() > end_time:\n                break\n>       raise TimeoutException(message, screen, stacktrace)\nE       selenium.common.exceptions.TimeoutException: Message: \nE       Stacktrace:\nE       0   chromedriver                        0x0000000102de6a80 chromedriver + 4385408\nE       1   chromedriver                        0x0000000102ddf38c chromedriver + 4354956\nE       2   chromedriver                        0x00000001029fcb0c chromedriver + 281356\nE       3   chromedriver                        0x0000000102a3f2f8 chromedriver + 553720\nE       4   chromedriver                        0x0000000102a77d24 chromedriver + 785700\nE       5   chromedriver                        0x0000000102a33eec chromedriver + 507628\nE       6   chromedriver                        0x0000000102a348c4 chromedriver + 510148\nE       7   chromedriver                        0x0000000102dae43c chromedriver + 4154428\nE       8   chromedriver                        0x0000000102db2ea0 chromedriver + 4173472\nE       9   chromedriver                        0x0000000102d93ff8 chromedriver + 4046840\nE       10  chromedriver                        0x0000000102db378c chromedriver + 4175756\nE       11  chromedriver                        0x0000000102d86fb8 chromedriver + 3993528\nE       12  chromedriver                        0x0000000102dd121c chromedriver + 4297244\nE       13  chromedriver                        0x0000000102dd1398 chromedriver + 4297624\nE       14  chromedriver                        0x0000000102ddef84 chromedriver + 4353924\nE       15  libsystem_pthread.dylib             0x000000018afdaf94 _pthread_start + 136\nE       16  libsystem_pthread.dylib             0x000000018afd5d34 thread_start + 8\n\n.venv/lib/python3.12/site-packages/selenium/webdriver/support/wait.py:105: TimeoutException"}, "steps": [{"name": "Проверка того, что после оформления заказа его номер появляется в разделе В работе.", "status": "broken", "statusDetails": {"message": "selenium.common.exceptions.TimeoutException: Message: \nStacktrace:\n0   chromedriver                        0x0000000102de6a80 chromedriver + 4385408\n1   chromedriver                        0x0000000102ddf38c chromedriver + 4354956\n2   chromedriver                        0x00000001029fcb0c chromedriver + 281356\n3   chromedriver                        0x0000000102a3f2f8 chromedriver + 553720\n4   chromedriver                        0x0000000102a77d24 chromedriver + 785700\n5   chromedriver                        0x0000000102a33eec chromedriver + 507628\n6   chromedriver                        0x0000000102a348c4 chromedriver + 510148\n7   chromedriver                        0x0000000102dae43c chromedriver + 4154428\n8   chromedriver                        0x0000000102db2ea0 chromedriver + 4173472\n9   chromedriver                        0x0000000102d93ff8 chromedriver + 4046840\n10  chromedriver                        0x0000000102db378c chromedriver + 4175756\n11  chromedriver                        0x0000000102d86fb8 chromedriver + 3993528\n12  chromedriver                        0x0000000102dd121c chromedriver + 4297244\n13  chromedriver                        0x0000000102dd1398 chromedriver + 4297624\n14  chromedriver                        0x0000000102ddef84 chromedriver + 4353924\n15  libsystem_pthread.dylib             0x000000018afdaf94 _pthread_start + 136\n16  libsystem_pthread.dylib             0x000000018afd5d34 thread_start + 8\n\n", "trace": "  File \"/Users/elinamyagkova/Desktop/Diplom/Diplom_3/.venv/lib/python3.12/site-packages/allure_commons/_allure.py\", line 192, in impl\n    return func(*a, **kw)\n           ^^^^^^^^^^^^^^\n  File \"/Users/elinamyagkova/Desktop/Diplom/Diplom_3/tests/test_order_feed.py\", line 102, in test_order_number_appears_in_progress\n    main_page.add_ingredient_in_basket()\n  File \"/Users/elinamyagkova/Desktop/Diplom/Diplom_3/.venv/lib/python3.12/site-packages/allure_commons/_allure.py\", line 192, in impl\n    return func(*a, **kw)\n           ^^^^^^^^^^^^^^\n  File \"/Users/elinamyagkova/Desktop/Diplom/Diplom_3/pages/main_page.py\", line 42, in add_ingredient_in_basket\n    source = self.wait_and_find_element_located(MainPageLocators.BUN_BUTTON)\n             ^^^^^^^^^^^^^^^^^^^^^^^^^^^^^^^^^^^^^^^^^^^^^^^^^^^^^^^^^^^^^^^\n  File \"/Users/elinamyagkova/Desktop/Diplom/Diplom_3/.venv/lib/python3.12/site-packages/allure_commons/_allure.py\", line 192, in impl\n    return func(*a, **kw)\n           ^^^^^^^^^^^^^^\n  File \"/Users/elinamyagkova/Desktop/Diplom/Diplom_3/pages/base_page.py\", line 13, in wait_and_find_element_located\n    WebDriverWait(self.driver, 6).until(expected_conditions.presence_of_element_located(locator))\n  File \"/Users/elinamyagkova/Desktop/Diplom/Diplom_3/.venv/lib/python3.12/site-packages/selenium/webdriver/support/wait.py\", line 105, in until\n    raise TimeoutException(message, screen, stacktrace)\n"}, "steps": [{"name": "Ожидание урла", "status": "passed", "parameters": [{"name": "url", "value": "'https://stellarburgers.nomoreparties.site/'"}], "start": 1719839335614, "stop": 1719839335618}, {"name": "Ожидание элемента", "status": "passed", "parameters": [{"name": "locator", "value": "('xpath', \"//a[.='Личный Кабинет']\")"}], "start": 1719839335618, "stop": 1719839335634}, {"name": "Ожидание элемента", "status": "passed", "parameters": [{"name": "locator", "value": "('xpath', \".//label[text() = 'Email']/../input\")"}], "start": 1719839335660, "stop": 1719839335670}, {"name": "Ожидание элемента", "status": "passed", "parameters": [{"name": "locator", "value": "('xpath', \".//label[text() = 'Пароль']/../input\")"}], "start": 1719839335751, "stop": 1719839335760}, {"name": "Ожидание элемента", "status": "passed", "parameters": [{"name": "locator", "value": "('xpath', \"//button[contains(.,'Войти')]\")"}], "start": 1719839335779, "stop": 1719839335787}, {"name": "Добавление ингредиента в корзину", "status": "broken", "statusDetails": {"message": "selenium.common.exceptions.TimeoutException: Message: \nStacktrace:\n0   chromedriver                        0x0000000102de6a80 chromedriver + 4385408\n1   chromedriver                        0x0000000102ddf38c chromedriver + 4354956\n2   chromedriver                        0x00000001029fcb0c chromedriver + 281356\n3   chromedriver                        0x0000000102a3f2f8 chromedriver + 553720\n4   chromedriver                        0x0000000102a77d24 chromedriver + 785700\n5   chromedriver                        0x0000000102a33eec chromedriver + 507628\n6   chromedriver                        0x0000000102a348c4 chromedriver + 510148\n7   chromedriver                        0x0000000102dae43c chromedriver + 4154428\n8   chromedriver                        0x0000000102db2ea0 chromedriver + 4173472\n9   chromedriver                        0x0000000102d93ff8 chromedriver + 4046840\n10  chromedriver                        0x0000000102db378c chromedriver + 4175756\n11  chromedriver                        0x0000000102d86fb8 chromedriver + 3993528\n12  chromedriver                        0x0000000102dd121c chromedriver + 4297244\n13  chromedriver                        0x0000000102dd1398 chromedriver + 4297624\n14  chromedriver                        0x0000000102ddef84 chromedriver + 4353924\n15  libsystem_pthread.dylib             0x000000018afdaf94 _pthread_start + 136\n16  libsystem_pthread.dylib             0x000000018afd5d34 thread_start + 8\n\n", "trace": "  File \"/Users/elinamyagkova/Desktop/Diplom/Diplom_3/.venv/lib/python3.12/site-packages/allure_commons/_allure.py\", line 192, in impl\n    return func(*a, **kw)\n           ^^^^^^^^^^^^^^\n  File \"/Users/elinamyagkova/Desktop/Diplom/Diplom_3/pages/main_page.py\", line 42, in add_ingredient_in_basket\n    source = self.wait_and_find_element_located(MainPageLocators.BUN_BUTTON)\n             ^^^^^^^^^^^^^^^^^^^^^^^^^^^^^^^^^^^^^^^^^^^^^^^^^^^^^^^^^^^^^^^\n  File \"/Users/elinamyagkova/Desktop/Diplom/Diplom_3/.venv/lib/python3.12/site-packages/allure_commons/_allure.py\", line 192, in impl\n    return func(*a, **kw)\n           ^^^^^^^^^^^^^^\n  File \"/Users/elinamyagkova/Desktop/Diplom/Diplom_3/pages/base_page.py\", line 13, in wait_and_find_element_located\n    WebDriverWait(self.driver, 6).until(expected_conditions.presence_of_element_located(locator))\n  File \"/Users/elinamyagkova/Desktop/Diplom/Diplom_3/.venv/lib/python3.12/site-packages/selenium/webdriver/support/wait.py\", line 105, in until\n    raise TimeoutException(message, screen, stacktrace)\n"}, "steps": [{"name": "Ожидание элемента", "status": "broken", "statusDetails": {"message": "selenium.common.exceptions.TimeoutException: Message: \nStacktrace:\n0   chromedriver                        0x0000000102de6a80 chromedriver + 4385408\n1   chromedriver                        0x0000000102ddf38c chromedriver + 4354956\n2   chromedriver                        0x00000001029fcb0c chromedriver + 281356\n3   chromedriver                        0x0000000102a3f2f8 chromedriver + 553720\n4   chromedriver                        0x0000000102a77d24 chromedriver + 785700\n5   chromedriver                        0x0000000102a33eec chromedriver + 507628\n6   chromedriver                        0x0000000102a348c4 chromedriver + 510148\n7   chromedriver                        0x0000000102dae43c chromedriver + 4154428\n8   chromedriver                        0x0000000102db2ea0 chromedriver + 4173472\n9   chromedriver                        0x0000000102d93ff8 chromedriver + 4046840\n10  chromedriver                        0x0000000102db378c chromedriver + 4175756\n11  chromedriver                        0x0000000102d86fb8 chromedriver + 3993528\n12  chromedriver                        0x0000000102dd121c chromedriver + 4297244\n13  chromedriver                        0x0000000102dd1398 chromedriver + 4297624\n14  chromedriver                        0x0000000102ddef84 chromedriver + 4353924\n15  libsystem_pthread.dylib             0x000000018afdaf94 _pthread_start + 136\n16  libsystem_pthread.dylib             0x000000018afd5d34 thread_start + 8\n\n", "trace": "  File \"/Users/elinamyagkova/Desktop/Diplom/Diplom_3/.venv/lib/python3.12/site-packages/allure_commons/_allure.py\", line 192, in impl\n    return func(*a, **kw)\n           ^^^^^^^^^^^^^^\n  File \"/Users/elinamyagkova/Desktop/Diplom/Diplom_3/pages/base_page.py\", line 13, in wait_and_find_element_located\n    WebDriverWait(self.driver, 6).until(expected_conditions.presence_of_element_located(locator))\n  File \"/Users/elinamyagkova/Desktop/Diplom/Diplom_3/.venv/lib/python3.12/site-packages/selenium/webdriver/support/wait.py\", line 105, in until\n    raise TimeoutException(message, screen, stacktrace)\n"}, "parameters": [{"name": "locator", "value": "('xpath', \".//img[@alt='Флюоресцентная булка R2-D3']\")"}], "start": 1719839335800, "stop": 1719839341940}], "start": 1719839335800, "stop": 1719839341941}], "parameters": [{"name": "driver", "value": "<selenium.webdriver.chrome.webdriver.WebDriver (session=\"122f5bef225535b706eb59e760a5dd4a\")>"}], "start": 1719839335614, "stop": 1719839341941}], "parameters": [{"name": "driver", "value": "'chrome'"}], "start": 1719839335614, "stop": 1719839341942, "uuid": "0a7644d2-9876-4b8c-a283-1ab553c2e933", "historyId": "68d1026e67a0f81797e27d5acb43ddc5", "testCaseId": "a5bbb6bd8604c5aacb2a4b6805c6da44", "fullName": "tests.test_order_feed.TestOrderFeed#test_order_number_appears_in_progress", "labels": [{"name": "parentSuite", "value": "tests"}, {"name": "suite", "value": "test_order_feed"}, {"name": "subSuite", "value": "TestOrderFeed"}, {"name": "host", "value": "MacBook-Air-von-Elina.local"}, {"name": "thread", "value": "13126-MainThread"}, {"name": "framework", "value": "pytest"}, {"name": "language", "value": "cpython3"}, {"name": "package", "value": "tests.test_order_feed"}]}